<?xml version="1.0" encoding="UTF-8"?>
<testsuite xmlns:xsi="http://www.w3.org/2001/XMLSchema-instance" xsi:noNamespaceSchemaLocation="https://maven.apache.org/surefire/maven-surefire-plugin/xsd/surefire-test-report-3.0.xsd" version="3.0" name="com.fantank.sql.TestUpdate" time="0.04" tests="1" errors="0" skipped="0" failures="0">
  <properties>
    <property name="java.specification.version" value="16"/>
    <property name="sun.cpu.isalist" value="amd64"/>
    <property name="sun.jnu.encoding" value="GBK"/>
    <property name="java.class.path" value="D:\1mproving\Developments\code-scanning-sys\code-scanning-webserver\code-scanning-webserver\target\test-classes;D:\1mproving\Developments\code-scanning-sys\code-scanning-webserver\code-scanning-webserver\target\classes;d:\JavaDevelopment\Maven-repo\junit\junit\4.11\junit-4.11.jar;d:\JavaDevelopment\Maven-repo\org\hamcrest\hamcrest-core\1.3\hamcrest-core-1.3.jar;d:\JavaDevelopment\Maven-repo\org\springframework\spring-webmvc\5.3.1\spring-webmvc-5.3.1.jar;d:\JavaDevelopment\Maven-repo\org\springframework\spring-aop\5.3.1\spring-aop-5.3.1.jar;d:\JavaDevelopment\Maven-repo\org\springframework\spring-beans\5.3.1\spring-beans-5.3.1.jar;d:\JavaDevelopment\Maven-repo\org\springframework\spring-core\5.3.1\spring-core-5.3.1.jar;d:\JavaDevelopment\Maven-repo\org\springframework\spring-jcl\5.3.1\spring-jcl-5.3.1.jar;d:\JavaDevelopment\Maven-repo\org\springframework\spring-expression\5.3.1\spring-expression-5.3.1.jar;d:\JavaDevelopment\Maven-repo\org\springframework\spring-web\5.3.1\spring-web-5.3.1.jar;d:\JavaDevelopment\Maven-repo\ch\qos\logback\logback-classic\1.2.3\logback-classic-1.2.3.jar;d:\JavaDevelopment\Maven-repo\ch\qos\logback\logback-core\1.2.3\logback-core-1.2.3.jar;d:\JavaDevelopment\Maven-repo\org\slf4j\slf4j-api\1.7.25\slf4j-api-1.7.25.jar;d:\JavaDevelopment\Maven-repo\javax\servlet\javax.servlet-api\3.1.0\javax.servlet-api-3.1.0.jar;d:\JavaDevelopment\Maven-repo\org\thymeleaf\thymeleaf-spring5\3.0.12.RELEASE\thymeleaf-spring5-3.0.12.RELEASE.jar;d:\JavaDevelopment\Maven-repo\org\thymeleaf\thymeleaf\3.0.12.RELEASE\thymeleaf-3.0.12.RELEASE.jar;d:\JavaDevelopment\Maven-repo\org\attoparser\attoparser\2.0.5.RELEASE\attoparser-2.0.5.RELEASE.jar;d:\JavaDevelopment\Maven-repo\org\unbescape\unbescape\1.1.6.RELEASE\unbescape-1.1.6.RELEASE.jar;d:\JavaDevelopment\Maven-repo\org\mybatis\mybatis\3.5.6\mybatis-3.5.6.jar;d:\JavaDevelopment\Maven-repo\mysql\mysql-connector-java\5.1.47\mysql-connector-java-5.1.47.jar;d:\JavaDevelopment\Maven-repo\org\springframework\spring-context\5.3.1\spring-context-5.3.1.jar;d:\JavaDevelopment\Maven-repo\com\fasterxml\jackson\core\jackson-databind\2.11.3\jackson-databind-2.11.3.jar;d:\JavaDevelopment\Maven-repo\com\fasterxml\jackson\core\jackson-annotations\2.11.3\jackson-annotations-2.11.3.jar;d:\JavaDevelopment\Maven-repo\com\fasterxml\jackson\core\jackson-core\2.11.3\jackson-core-2.11.3.jar;d:\JavaDevelopment\Maven-repo\org\springframework\spring-messaging\5.3.1\spring-messaging-5.3.1.jar;d:\JavaDevelopment\Maven-repo\org\springframework\spring-websocket\5.2.10.RELEASE\spring-websocket-5.2.10.RELEASE.jar;d:\JavaDevelopment\Maven-repo\com\google\code\gson\gson\2.8.6\gson-2.8.6.jar;"/>
    <property name="java.vm.vendor" value="Oracle Corporation"/>
    <property name="sun.arch.data.model" value="64"/>
    <property name="user.variant" value=""/>
    <property name="java.vendor.url" value="https://java.oracle.com/"/>
    <property name="user.timezone" value="Asia/Hong_Kong"/>
    <property name="user.country.format" value="HK"/>
    <property name="os.name" value="Windows 10"/>
    <property name="java.vm.specification.version" value="16"/>
    <property name="sun.java.launcher" value="SUN_STANDARD"/>
    <property name="user.country" value="CN"/>
    <property name="sun.boot.library.path" value="C:\OpenJDK\bin"/>
    <property name="sun.java.command" value="C:\Users\ARK_LIU\AppData\Local\Temp\surefire5811103745165331312\surefirebooter-20230512115531554_3.jar C:\Users\ARK_LIU\AppData\Local\Temp\surefire5811103745165331312 2023-05-12T11-55-31_223-jvmRun1 surefire-20230512115531554_1tmp surefire_0-20230512115531554_2tmp"/>
    <property name="jdk.debug" value="release"/>
    <property name="surefire.test.class.path" value="D:\1mproving\Developments\code-scanning-sys\code-scanning-webserver\code-scanning-webserver\target\test-classes;D:\1mproving\Developments\code-scanning-sys\code-scanning-webserver\code-scanning-webserver\target\classes;d:\JavaDevelopment\Maven-repo\junit\junit\4.11\junit-4.11.jar;d:\JavaDevelopment\Maven-repo\org\hamcrest\hamcrest-core\1.3\hamcrest-core-1.3.jar;d:\JavaDevelopment\Maven-repo\org\springframework\spring-webmvc\5.3.1\spring-webmvc-5.3.1.jar;d:\JavaDevelopment\Maven-repo\org\springframework\spring-aop\5.3.1\spring-aop-5.3.1.jar;d:\JavaDevelopment\Maven-repo\org\springframework\spring-beans\5.3.1\spring-beans-5.3.1.jar;d:\JavaDevelopment\Maven-repo\org\springframework\spring-core\5.3.1\spring-core-5.3.1.jar;d:\JavaDevelopment\Maven-repo\org\springframework\spring-jcl\5.3.1\spring-jcl-5.3.1.jar;d:\JavaDevelopment\Maven-repo\org\springframework\spring-expression\5.3.1\spring-expression-5.3.1.jar;d:\JavaDevelopment\Maven-repo\org\springframework\spring-web\5.3.1\spring-web-5.3.1.jar;d:\JavaDevelopment\Maven-repo\ch\qos\logback\logback-classic\1.2.3\logback-classic-1.2.3.jar;d:\JavaDevelopment\Maven-repo\ch\qos\logback\logback-core\1.2.3\logback-core-1.2.3.jar;d:\JavaDevelopment\Maven-repo\org\slf4j\slf4j-api\1.7.25\slf4j-api-1.7.25.jar;d:\JavaDevelopment\Maven-repo\javax\servlet\javax.servlet-api\3.1.0\javax.servlet-api-3.1.0.jar;d:\JavaDevelopment\Maven-repo\org\thymeleaf\thymeleaf-spring5\3.0.12.RELEASE\thymeleaf-spring5-3.0.12.RELEASE.jar;d:\JavaDevelopment\Maven-repo\org\thymeleaf\thymeleaf\3.0.12.RELEASE\thymeleaf-3.0.12.RELEASE.jar;d:\JavaDevelopment\Maven-repo\org\attoparser\attoparser\2.0.5.RELEASE\attoparser-2.0.5.RELEASE.jar;d:\JavaDevelopment\Maven-repo\org\unbescape\unbescape\1.1.6.RELEASE\unbescape-1.1.6.RELEASE.jar;d:\JavaDevelopment\Maven-repo\org\mybatis\mybatis\3.5.6\mybatis-3.5.6.jar;d:\JavaDevelopment\Maven-repo\mysql\mysql-connector-java\5.1.47\mysql-connector-java-5.1.47.jar;d:\JavaDevelopment\Maven-repo\org\springframework\spring-context\5.3.1\spring-context-5.3.1.jar;d:\JavaDevelopment\Maven-repo\com\fasterxml\jackson\core\jackson-databind\2.11.3\jackson-databind-2.11.3.jar;d:\JavaDevelopment\Maven-repo\com\fasterxml\jackson\core\jackson-annotations\2.11.3\jackson-annotations-2.11.3.jar;d:\JavaDevelopment\Maven-repo\com\fasterxml\jackson\core\jackson-core\2.11.3\jackson-core-2.11.3.jar;d:\JavaDevelopment\Maven-repo\org\springframework\spring-messaging\5.3.1\spring-messaging-5.3.1.jar;d:\JavaDevelopment\Maven-repo\org\springframework\spring-websocket\5.2.10.RELEASE\spring-websocket-5.2.10.RELEASE.jar;d:\JavaDevelopment\Maven-repo\com\google\code\gson\gson\2.8.6\gson-2.8.6.jar;"/>
    <property name="sun.cpu.endian" value="little"/>
    <property name="user.home" value="C:\Users\ARK_LIU"/>
    <property name="user.language" value="zh"/>
    <property name="java.specification.vendor" value="Oracle Corporation"/>
    <property name="java.version.date" value="2021-03-16"/>
    <property name="java.home" value="C:\OpenJDK"/>
    <property name="file.separator" value="\"/>
    <property name="basedir" value="D:\1mproving\Developments\code-scanning-sys\code-scanning-webserver\code-scanning-webserver"/>
    <property name="java.vm.compressedOopsMode" value="Zero based"/>
    <property name="line.separator" value="&#10;"/>
    <property name="java.vm.specification.vendor" value="Oracle Corporation"/>
    <property name="java.specification.name" value="Java Platform API Specification"/>
    <property name="surefire.real.class.path" value="C:\Users\ARK_LIU\AppData\Local\Temp\surefire5811103745165331312\surefirebooter-20230512115531554_3.jar"/>
    <property name="user.script" value=""/>
    <property name="user.script.format" value="Hans"/>
    <property name="sun.management.compiler" value="HotSpot 64-Bit Tiered Compilers"/>
    <property name="java.runtime.version" value="16+36-2231"/>
    <property name="user.name" value="ARK_LIU"/>
    <property name="path.separator" value=";"/>
    <property name="os.version" value="10.0"/>
    <property name="java.runtime.name" value="OpenJDK Runtime Environment"/>
    <property name="file.encoding" value="GBK"/>
    <property name="java.vm.name" value="OpenJDK 64-Bit Server VM"/>
    <property name="localRepository" value="d:\JavaDevelopment\Maven-repo"/>
    <property name="java.vendor.url.bug" value="https://bugreport.java.com/bugreport/"/>
    <property name="java.io.tmpdir" value="C:\Users\ARK_LIU\AppData\Local\Temp\"/>
    <property name="idea.version" value="2023.1.1"/>
    <property name="java.version" value="16"/>
    <property name="user.dir" value="D:\1mproving\Developments\code-scanning-sys\code-scanning-webserver\code-scanning-webserver"/>
    <property name="os.arch" value="amd64"/>
    <property name="java.vm.specification.name" value="Java Virtual Machine Specification"/>
    <property name="sun.os.patch.level" value=""/>
    <property name="java.library.path" value="C:\OpenJDK\bin;C:\WINDOWS\Sun\Java\bin;C:\WINDOWS\system32;C:\WINDOWS;C:\Program Files (x86)\Common Files\Oracle\Java\javapath;D:\Program\Profession\VMware\bin\;D:\JavaDevelopment\Jdk1.8\bin;D:\Oculus\Support\oculus-runtime;C:\Program Files\NVIDIA GPU Computing Toolkit\CUDA\v11.6\bin;C:\Program Files\NVIDIA GPU Computing Toolkit\CUDA\v11.6\libnvvp;C:\Windows\system32;C:\Windows;C:\Windows\System32\Wbem;C:\Windows\System32\WindowsPowerShell\v1.0\;C:\Windows\System32\OpenSSH\;C:\Program Files\NVIDIA Corporation\NVIDIA NvDLISR;C:\Program Files\dotnet\;C:\Users\ARK_LIU\.dnx\bin;C:\Program Files\Microsoft DNX\Dnvm\;C:\WINDOWS\system32;C:\WINDOWS;C:\WINDOWS\System32\Wbem;C:\WINDOWS\System32\WindowsPowerShell\v1.0\;C:\WINDOWS\System32\OpenSSH\;C:\PATH\mingw64\mingw64\bin;C:\Program Files\NVIDIA Corporation\Nsight Compute 2022.1.0\;C:\WINDOWS\system32;C:\WINDOWS;C:\WINDOWS\System32\Wbem;C:\WINDOWS\System32\WindowsPowerShell\v1.0\;C:\WINDOWS\System32\OpenSSH\;D:\Program\Profession\MySql\bin;C:\Program Files (x86)\NVIDIA Corporation\PhysX\Common;D:\JavaDevelopment\apache-maven-3.9.0\bin;D:\JavaDevelopment\mysql-5.7.26-winx64\mysql-5.7.26-winx64\bin;D:\JavaDevelopment\nodeJs\;D:\JavaDevelopment\Git\cmd;D:\Environment\Go\bin;C:\Users\ARK_LIU\AppData\Local\Microsoft\WindowsApps;C:\Program Files\Bandizip\;D:\Program\Profession\IntelliJ IDEA Educational Edition 2020.3.4\bin;;D:\Program\Profession\IntelliJ IDEA 2022.2.3\bin;;D:\Program\Profession\PyCharm 2021.1\bin;;D:\Program\Profession\Microsoft VS Code\bin;D:\Program\Tool\mingw64\bin;D:\Program\Profession\IntelliJ IDEA Community Edition 2022.2\bin;;C:\Users\ARK_LIU\AppData\Roaming\npm;C:\Users\ARK_LIU\AppData\Local\GitHubDesktop\bin;C:\Users\ARK_LIU\go\bin;."/>
    <property name="java.vm.info" value="mixed mode, sharing"/>
    <property name="java.vendor" value="Oracle Corporation"/>
    <property name="java.vm.version" value="16+36-2231"/>
    <property name="sun.io.unicode.encoding" value="UnicodeLittle"/>
    <property name="java.class.version" value="60.0"/>
  </properties>
  <testcase name="testUpdate" classname="com.fantank.sql.TestUpdate" time="0.039">
    <system-out><![CDATA[intercourse null
11:55:32.485 [main] DEBUG org.apache.ibatis.datasource.pooled.PooledDataSource - PooledDataSource forcefully closed/removed all connections.
11:55:32.485 [main] DEBUG org.apache.ibatis.datasource.pooled.PooledDataSource - PooledDataSource forcefully closed/removed all connections.
11:55:32.486 [main] DEBUG org.apache.ibatis.datasource.pooled.PooledDataSource - PooledDataSource forcefully closed/removed all connections.
11:55:32.486 [main] DEBUG org.apache.ibatis.datasource.pooled.PooledDataSource - PooledDataSource forcefully closed/removed all connections.
11:55:32.486 [main] DEBUG org.apache.ibatis.io.DefaultVFS - Find JAR URL: file:/D:/1mproving/Developments/code-scanning-sys/code-scanning-webserver/code-scanning-webserver/target/classes/com/fantank/mapper
11:55:32.486 [main] DEBUG org.apache.ibatis.io.DefaultVFS - Not a JAR: file:/D:/1mproving/Developments/code-scanning-sys/code-scanning-webserver/code-scanning-webserver/target/classes/com/fantank/mapper
11:55:32.488 [main] DEBUG org.apache.ibatis.io.DefaultVFS - Reader entry: OrderMapper.class
11:55:32.488 [main] DEBUG org.apache.ibatis.io.DefaultVFS - Reader entry: OrderMapper.xml
11:55:32.488 [main] DEBUG org.apache.ibatis.io.DefaultVFS - Reader entry: QueuingMapper.class
11:55:32.489 [main] DEBUG org.apache.ibatis.io.DefaultVFS - Reader entry: QueuingMapper.xml
11:55:32.489 [main] DEBUG org.apache.ibatis.io.DefaultVFS - Reader entry: StatusMapper.class
11:55:32.489 [main] DEBUG org.apache.ibatis.io.DefaultVFS - Reader entry: StatusMapper.xml
11:55:32.489 [main] DEBUG org.apache.ibatis.io.DefaultVFS - Listing file:/D:/1mproving/Developments/code-scanning-sys/code-scanning-webserver/code-scanning-webserver/target/classes/com/fantank/mapper
11:55:32.489 [main] DEBUG org.apache.ibatis.io.DefaultVFS - Find JAR URL: file:/D:/1mproving/Developments/code-scanning-sys/code-scanning-webserver/code-scanning-webserver/target/classes/com/fantank/mapper/OrderMapper.class
11:55:32.489 [main] DEBUG org.apache.ibatis.io.DefaultVFS - Not a JAR: file:/D:/1mproving/Developments/code-scanning-sys/code-scanning-webserver/code-scanning-webserver/target/classes/com/fantank/mapper/OrderMapper.class
11:55:32.490 [main] DEBUG org.apache.ibatis.io.DefaultVFS - Reader entry: 漱壕&amp#0;&amp#0;&amp#0;4&amp#0;	&amp#7;&amp#0;&amp#2;&amp#1;&amp#0;&amp#30;com/fantank/mapper/OrderMapper&amp#7;&amp#0;&amp#4;&amp#1;&amp#0;&amp#16;java/lang/Object&amp#1;&amp#0;&amp#29;getVehicleNumberByOrderNumber&amp#1;&amp#0;,(Ljava/lang/String;)Lcom/fantank/pojo/Order;&amp#1;&amp#0;
11:55:32.490 [main] DEBUG org.apache.ibatis.io.DefaultVFS - Find JAR URL: file:/D:/1mproving/Developments/code-scanning-sys/code-scanning-webserver/code-scanning-webserver/target/classes/com/fantank/mapper/OrderMapper.xml
11:55:32.491 [main] DEBUG org.apache.ibatis.io.DefaultVFS - Not a JAR: file:/D:/1mproving/Developments/code-scanning-sys/code-scanning-webserver/code-scanning-webserver/target/classes/com/fantank/mapper/OrderMapper.xml
11:55:32.492 [main] DEBUG org.apache.ibatis.io.DefaultVFS - Reader entry: <?xml version="1.0" encoding="UTF-8" ?>
11:55:32.492 [main] DEBUG org.apache.ibatis.io.DefaultVFS - Find JAR URL: file:/D:/1mproving/Developments/code-scanning-sys/code-scanning-webserver/code-scanning-webserver/target/classes/com/fantank/mapper/QueuingMapper.class
11:55:32.492 [main] DEBUG org.apache.ibatis.io.DefaultVFS - Not a JAR: file:/D:/1mproving/Developments/code-scanning-sys/code-scanning-webserver/code-scanning-webserver/target/classes/com/fantank/mapper/QueuingMapper.class
11:55:32.493 [main] DEBUG org.apache.ibatis.io.DefaultVFS - Reader entry: 漱壕&amp#0;&amp#0;&amp#0;4&amp#0;	&amp#7;&amp#0;&amp#2;&amp#1;&amp#0; com/fantank/mapper/QueuingMapper&amp#7;&amp#0;&amp#4;&amp#1;&amp#0;&amp#16;java/lang/Object&amp#1;&amp#0;&amp#25;updateMatchingDriveStatus&amp#1;&amp#0;'(Ljava/lang/String;)Ljava/lang/Integer;&amp#1;&amp#0;
11:55:32.493 [main] DEBUG org.apache.ibatis.io.DefaultVFS - Find JAR URL: file:/D:/1mproving/Developments/code-scanning-sys/code-scanning-webserver/code-scanning-webserver/target/classes/com/fantank/mapper/QueuingMapper.xml
11:55:32.493 [main] DEBUG org.apache.ibatis.io.DefaultVFS - Not a JAR: file:/D:/1mproving/Developments/code-scanning-sys/code-scanning-webserver/code-scanning-webserver/target/classes/com/fantank/mapper/QueuingMapper.xml
11:55:32.494 [main] DEBUG org.apache.ibatis.io.DefaultVFS - Reader entry: <?xml version="1.0" encoding="UTF-8" ?>
11:55:32.494 [main] DEBUG org.apache.ibatis.io.DefaultVFS - Find JAR URL: file:/D:/1mproving/Developments/code-scanning-sys/code-scanning-webserver/code-scanning-webserver/target/classes/com/fantank/mapper/StatusMapper.class
11:55:32.495 [main] DEBUG org.apache.ibatis.io.DefaultVFS - Not a JAR: file:/D:/1mproving/Developments/code-scanning-sys/code-scanning-webserver/code-scanning-webserver/target/classes/com/fantank/mapper/StatusMapper.class
11:55:32.495 [main] DEBUG org.apache.ibatis.io.DefaultVFS - Reader entry: 漱壕&amp#0;&amp#0;&amp#0;4&amp#0;	&amp#7;&amp#0;&amp#2;&amp#1;&amp#0;&amp#31;com/fantank/mapper/StatusMapper&amp#7;&amp#0;&amp#4;&amp#1;&amp#0;&amp#16;java/lang/Object&amp#1;&amp#0;%getStatusByOrderNumberThroughTicketId&amp#1;&amp#0;'(Ljava/lang/String;)Ljava/lang/Integer;&amp#1;&amp#0;
11:55:32.495 [main] DEBUG org.apache.ibatis.io.DefaultVFS - Find JAR URL: file:/D:/1mproving/Developments/code-scanning-sys/code-scanning-webserver/code-scanning-webserver/target/classes/com/fantank/mapper/StatusMapper.xml
11:55:32.496 [main] DEBUG org.apache.ibatis.io.DefaultVFS - Not a JAR: file:/D:/1mproving/Developments/code-scanning-sys/code-scanning-webserver/code-scanning-webserver/target/classes/com/fantank/mapper/StatusMapper.xml
11:55:32.496 [main] DEBUG org.apache.ibatis.io.DefaultVFS - Reader entry: <?xml version="1.0" encoding="UTF-8" ?>
11:55:32.496 [main] DEBUG org.apache.ibatis.io.ResolverUtil - Checking to see if class com.fantank.mapper.OrderMapper matches criteria [is assignable to Object]
11:55:32.496 [main] DEBUG org.apache.ibatis.io.ResolverUtil - Checking to see if class com.fantank.mapper.QueuingMapper matches criteria [is assignable to Object]
11:55:32.497 [main] DEBUG org.apache.ibatis.io.ResolverUtil - Checking to see if class com.fantank.mapper.StatusMapper matches criteria [is assignable to Object]
11:55:32.515 [main] DEBUG org.apache.ibatis.transaction.jdbc.JdbcTransaction - Opening JDBC Connection
11:55:32.519 [main] DEBUG org.apache.ibatis.datasource.pooled.PooledDataSource - Created connection 1319483139.
11:55:32.519 [main] DEBUG com.fantank.mapper.QueuingMapper.updateMatchingDriveStatus - ==>  Preparing: UPDATE queuing_matching_driver SET status = 5 WHERE tihuo_order like '%0080058302';
11:55:32.520 [main] DEBUG com.fantank.mapper.QueuingMapper.updateMatchingDriveStatus - ==> Parameters: 
11:55:32.531 [main] DEBUG com.fantank.mapper.QueuingMapper.updateMatchingDriveStatus - <==    Updates: 1
1
11:55:32.532 [main] DEBUG org.apache.ibatis.transaction.jdbc.JdbcTransaction - Closing JDBC Connection [com.mysql.jdbc.JDBC4Connection@4ea5b703]
11:55:32.532 [main] DEBUG org.apache.ibatis.datasource.pooled.PooledDataSource - Returned connection 1319483139 to pool.
]]></system-out>
    <system-err><![CDATA[Fri May 12 11:55:32 HKT 2023 WARN: Establishing SSL connection without server's identity verification is not recommended. According to MySQL 5.5.45+, 5.6.26+ and 5.7.6+ requirements SSL connection must be established by default if explicit option isn't set. For compliance with existing applications not using SSL the verifyServerCertificate property is set to 'false'. You need either to explicitly disable SSL by setting useSSL=false, or set useSSL=true and provide truststore for server certificate verification.
]]></system-err>
  </testcase>
</testsuite>